0 info it worked if it ends with ok
1 verbose cli [ '/usr/local/bin/node', '/usr/local/bin/npm', 'run', 'buildRun' ]
2 info using npm@3.10.8
3 info using node@v6.9.1
4 verbose run-script [ 'prebuildRun', 'buildRun', 'postbuildRun' ]
5 info lifecycle wp2@1.0.0~prebuildRun: wp2@1.0.0
6 silly lifecycle wp2@1.0.0~prebuildRun: no script for prebuildRun, continuing
7 info lifecycle wp2@1.0.0~buildRun: wp2@1.0.0
8 verbose lifecycle wp2@1.0.0~buildRun: unsafe-perm in lifecycle true
9 verbose lifecycle wp2@1.0.0~buildRun: PATH: /usr/local/lib/node_modules/npm/bin/node-gyp-bin:/Users/huypham/typescript/swen/444/wp2-backend-template/node_modules/.bin:/usr/local/git/bin:/usr/local/git/bin:/Users/huypham/.dnx/runtimes/dnx-mono.1.0.0-rc1-update1/bin:/Users/huypham/.rvm/gems/ruby-2.2.0/bin:/Users/huypham/.rvm/gems/ruby-2.2.0@global/bin:/Users/huypham/.rvm/rubies/ruby-2.2.0/bin:/usr/local/bin:/usr/local/bin:/usr/bin:/bin:/usr/sbin:/sbin:/usr/local/share/dotnet:/Library/TeX/texbin:/usr/local/git/bin:/Users/huypham/.dnx/bin:/Users/huypham/.rvm/gems/ruby-2.2.0/bin:/Users/huypham/.rvm/gems/ruby-2.2.0@global/bin:/Users/huypham/.rvm/rubies/ruby-2.2.0/bin:/Users/huypham/.rvm/bin:/Users/huypham/.rvm/bin
10 verbose lifecycle wp2@1.0.0~buildRun: CWD: /Users/huypham/typescript/swen/444/wp2-backend-template
11 silly lifecycle wp2@1.0.0~buildRun: Args: [ '-c',
11 silly lifecycle   'webpack --config webpack.config.js && node dist/main.bundle.js' ]
12 silly lifecycle wp2@1.0.0~buildRun: Returned: code: 1  signal: null
13 info lifecycle wp2@1.0.0~buildRun: Failed to exec buildRun script
14 verbose stack Error: wp2@1.0.0 buildRun: `webpack --config webpack.config.js && node dist/main.bundle.js`
14 verbose stack Exit status 1
14 verbose stack     at EventEmitter.<anonymous> (/usr/local/lib/node_modules/npm/lib/utils/lifecycle.js:255:16)
14 verbose stack     at emitTwo (events.js:106:13)
14 verbose stack     at EventEmitter.emit (events.js:191:7)
14 verbose stack     at ChildProcess.<anonymous> (/usr/local/lib/node_modules/npm/lib/utils/spawn.js:40:14)
14 verbose stack     at emitTwo (events.js:106:13)
14 verbose stack     at ChildProcess.emit (events.js:191:7)
14 verbose stack     at maybeClose (internal/child_process.js:877:16)
14 verbose stack     at Process.ChildProcess._handle.onexit (internal/child_process.js:226:5)
15 verbose pkgid wp2@1.0.0
16 verbose cwd /Users/huypham/typescript/swen/444/wp2-backend-template
17 error Darwin 16.5.0
18 error argv "/usr/local/bin/node" "/usr/local/bin/npm" "run" "buildRun"
19 error node v6.9.1
20 error npm  v3.10.8
21 error code ELIFECYCLE
22 error wp2@1.0.0 buildRun: `webpack --config webpack.config.js && node dist/main.bundle.js`
22 error Exit status 1
23 error Failed at the wp2@1.0.0 buildRun script 'webpack --config webpack.config.js && node dist/main.bundle.js'.
23 error Make sure you have the latest version of node.js and npm installed.
23 error If you do, this is most likely a problem with the wp2 package,
23 error not with npm itself.
23 error Tell the author that this fails on your system:
23 error     webpack --config webpack.config.js && node dist/main.bundle.js
23 error You can get information on how to open an issue for this project with:
23 error     npm bugs wp2
23 error Or if that isn't available, you can get their info via:
23 error     npm owner ls wp2
23 error There is likely additional logging output above.
24 verbose exit [ 1, true ]
